<?xml version="1.0" encoding="UTF-8"?>
<!-- Generated by org.testng.reporters.JUnitReportReporter -->
<testsuite skipped="0" hostname="W10-EKURBANOV" name="POMTest.runSearchPage" tests="1" failures="0" timestamp="11 Feb 2019 13:34:50 GMT" time="29.571" errors="0">
  <testcase name="test" time="29.571" classname="POMTest.runSearchPage"/>
</testsuite> <!-- POMTest.runSearchPage -->
