<?xml version="1.0" encoding="UTF-8"?>
<!-- Generated by org.testng.reporters.JUnitReportReporter -->
<testsuite skipped="1" hostname="Ezizs-MacBook-Pro.local" name="c_CT_POMDesign.smartbearLoginTests" tests="3" failures="0" timestamp="20 Feb 2019 22:15:15 GMT" time="5.041" errors="0">
  <testcase name="positiveLoginTestUsingPOM" time="2.248" classname="c_CT_POMDesign.smartbearLoginTests"/>
  <testcase name="negativeLoginTestUsingPOM" time="2.793" classname="c_CT_POMDesign.smartbearLoginTests"/>
  <testcase name="positiveLoginTest" classname="c_CT_POMDesign.smartbearLoginTests">
    <skipped/>
  </testcase> <!-- positiveLoginTest -->
</testsuite> <!-- c_CT_POMDesign.smartbearLoginTests -->
