<?xml version="1.0" encoding="UTF-8"?>
<!-- Generated by org.testng.reporters.JUnitReportReporter -->
<testsuite skipped="0" hostname="W10-EKURBANOV" name="a_POMTest.runSearchPage" tests="1" failures="0" timestamp="11 Feb 2019 17:28:38 GMT" time="36.181" errors="0">
  <testcase name="test" time="36.181" classname="a_POMTest.runSearchPage"/>
</testsuite> <!-- a_POMTest.runSearchPage -->
