<?xml version="1.0" encoding="UTF-8"?>
<!-- Generated by org.testng.reporters.JUnitReportReporter -->
<testsuite skipped="1" hostname="W10-EKURBANOV" name="c_CT_POMDesign.webOrdersLoginTests" tests="3" failures="0" timestamp="19 Feb 2019 16:37:37 GMT" time="11.123" errors="0">
  <testcase name="negativeLoginTestUsingPOM" time="4.798" classname="c_CT_POMDesign.webOrdersLoginTests"/>
  <testcase name="positiveLoginTestUsingPOM" time="6.325" classname="c_CT_POMDesign.webOrdersLoginTests"/>
  <testcase name="positiveLoginTest" classname="c_CT_POMDesign.webOrdersLoginTests">
    <skipped/>
  </testcase> <!-- positiveLoginTest -->
</testsuite> <!-- c_CT_POMDesign.webOrdersLoginTests -->
