<?xml version="1.0" encoding="UTF-8"?>
<!-- Generated by org.testng.reporters.JUnitReportReporter -->
<testsuite skipped="0" hostname="W10-EKURBANOV" name="b_POMTest.a_SearchPageTest" tests="1" failures="0" timestamp="11 Feb 2019 22:35:23 GMT" time="26.491" errors="0">
  <testcase name="test" time="26.491" classname="b_POMTest.a_SearchPageTest"/>
</testsuite> <!-- b_POMTest.a_SearchPageTest -->
