<?xml version="1.0" encoding="UTF-8"?>
<!-- Generated by org.testng.reporters.JUnitReportReporter -->
<testsuite skipped="0" hostname="Ezizs-MacBook-Pro.local" name="c_CT_POMDesign.smartbearWebOrdersTests" tests="1" failures="0" timestamp="20 Feb 2019 22:15:24 GMT" time="1.232" errors="0">
  <testcase name="verifyLabels" time="1.232" classname="c_CT_POMDesign.smartbearWebOrdersTests"/>
</testsuite> <!-- c_CT_POMDesign.smartbearWebOrdersTests -->
